{"C:\\homework\\hw-jest-10.2\\script.js": {"path":"C:\\homework\\hw-jest-10.2\\script.js","statementMap":{"0":{"start":{"line":1,"column":15},"end":{"line":26,"column":1}},"1":{"start":{"line":29,"column":20},"end":{"line":29,"column":22}},"2":{"start":{"line":30,"column":2},"end":{"line":30,"column":77}},"3":{"start":{"line":30,"column":15},"end":{"line":30,"column":16}},"4":{"start":{"line":30,"column":44},"end":{"line":30,"column":77}},"5":{"start":{"line":32,"column":15},"end":{"line":32,"column":17}},"6":{"start":{"line":34,"column":2},"end":{"line":36,"column":3}},"7":{"start":{"line":35,"column":4},"end":{"line":35,"column":31}},"8":{"start":{"line":38,"column":17},"end":{"line":38,"column":36}},"9":{"start":{"line":40,"column":15},"end":{"line":40,"column":17}},"10":{"start":{"line":42,"column":2},"end":{"line":53,"column":3}},"11":{"start":{"line":42,"column":15},"end":{"line":42,"column":16}},"12":{"start":{"line":43,"column":4},"end":{"line":51,"column":5}},"13":{"start":{"line":47,"column":6},"end":{"line":49,"column":8}},"14":{"start":{"line":55,"column":2},"end":{"line":55,"column":16}},"15":{"start":{"line":58,"column":0},"end":{"line":58,"column":41}},"16":{"start":{"line":60,"column":0},"end":{"line":60,"column":35}}},"fnMap":{"0":{"name":"calculateMaxScore","decl":{"start":{"line":28,"column":9},"end":{"line":28,"column":26}},"loc":{"start":{"line":28,"column":37},"end":{"line":56,"column":1}},"line":28}},"branchMap":{"0":{"loc":{"start":{"line":43,"column":4},"end":{"line":51,"column":5}},"type":"if","locations":[{"start":{"line":43,"column":4},"end":{"line":51,"column":5}},{"start":{},"end":{}}],"line":43}},"s":{"0":1,"1":2,"2":2,"3":2,"4":6,"5":2,"6":2,"7":36,"8":2,"9":2,"10":2,"11":2,"12":36,"13":4,"14":2,"15":1,"16":1},"f":{"0":2},"b":{"0":[4,32]},"_coverageSchema":"1a1c01bbd47fc00a2c39e90264f33305004495a9","hash":"a90abb70fe9c4da45d0254a762c77db98a400060"}
}
